The system is: Windows - 6.1.7601 - AMD64
Compiling the C compiler identification source file "CMakeCCompilerId.c" succeeded.
Compiler:  
Build flags: 
Id flags: 

The output was:
0
Microsoft (R) Build Engine Version 4.0.30319.34209
[Microsoft .NET Framework, Version 4.0.30319.34209]
Copyright (C) Microsoft Corporation 2007. All rights reserved.

已經開始建置於 2016/1/5 下午 01:13:43。
節點 1 (預設目標) 上的專案 "C:\Users\su\Downloads\dlib-18.18\dlib-18.18\examples\build\CMakeFiles\3.4.1\CompilerIdC\CompilerIdC.vcxproj"。
PrepareForBuild:
  正在建立目錄 "Debug\"。
InitializeBuildStatus:
  由於指定了 "AlwaysCreate"，因此正在建立 "Debug\CompilerIdC.unsuccessfulbuild"。
ClCompile:
  C:\Program Files (x86)\Microsoft Visual Studio 10.0\VC\bin\CL.exe /c /nologo /W0 /WX- /Od /Oy- /D _MBCS /Gm- /EHsc /RTC1 /MDd /GS /fp:precise /Zc:wchar_t /Zc:forScope /Fo"Debug\\" /Fd"Debug\vc100.pdb" /Gd /TC /analyze- /errorReport:queue CMakeCCompilerId.c
  CMakeCCompilerId.c
Link:
  C:\Program Files (x86)\Microsoft Visual Studio 10.0\VC\bin\link.exe /ERRORREPORT:QUEUE /OUT:".\CompilerIdC.exe" /INCREMENTAL:NO /NOLOGO kernel32.lib user32.lib gdi32.lib winspool.lib comdlg32.lib advapi32.lib shell32.lib ole32.lib oleaut32.lib uuid.lib odbc32.lib odbccp32.lib /MANIFEST /ManifestFile:"Debug\CompilerIdC.exe.intermediate.manifest" /MANIFESTUAC:"level='asInvoker' uiAccess='false'" /PDB:"C:\Users\su\Downloads\dlib-18.18\dlib-18.18\examples\build\CMakeFiles\3.4.1\CompilerIdC\CompilerIdC.pdb" /SUBSYSTEM:CONSOLE /TLBID:1 /DYNAMICBASE /NXCOMPAT /IMPLIB:".\CompilerIdC.lib" /MACHINE:X86 Debug\CMakeCCompilerId.obj
  CompilerIdC.vcxproj -> C:\Users\su\Downloads\dlib-18.18\dlib-18.18\examples\build\CMakeFiles\3.4.1\CompilerIdC\.\CompilerIdC.exe
Manifest:
  C:\Program Files (x86)\Microsoft SDKs\Windows\v7.0A\bin\mt.exe /nologo /verbose /outputresource:".\CompilerIdC.exe;#1" /manifest Debug\CompilerIdC.exe.intermediate.manifest
PostBuildEvent:
  for %%i in (cl.exe) do @echo CMAKE_C_COMPILER=%%~$PATH:i
  :VCEnd
  CMAKE_C_COMPILER=C:\Program Files (x86)\Microsoft Visual Studio 10.0\VC\bin\cl.exe
FinalizeBuildStatus:
  正在刪除檔案 "Debug\CompilerIdC.unsuccessfulbuild"。
  正在變更時間戳記 "Debug\CompilerIdC.lastbuildstate"。
專案 "C:\Users\su\Downloads\dlib-18.18\dlib-18.18\examples\build\CMakeFiles\3.4.1\CompilerIdC\CompilerIdC.vcxproj" (預設目標) 建置完成。

建置成功。
    0 個警告
    0 個錯誤

經過時間 00:00:02.23


Compilation of the C compiler identification source "CMakeCCompilerId.c" produced "CompilerIdC.exe"

Compilation of the C compiler identification source "CMakeCCompilerId.c" produced "CompilerIdC.vcxproj"

The C compiler identification is MSVC, found in "C:/Users/su/Downloads/dlib-18.18/dlib-18.18/examples/build/CMakeFiles/3.4.1/CompilerIdC/CompilerIdC.exe"

Compiling the CXX compiler identification source file "CMakeCXXCompilerId.cpp" succeeded.
Compiler:  
Build flags: 
Id flags: 

The output was:
0
Microsoft (R) Build Engine Version 4.0.30319.34209
[Microsoft .NET Framework, Version 4.0.30319.34209]
Copyright (C) Microsoft Corporation 2007. All rights reserved.

已經開始建置於 2016/1/5 下午 01:13:46。
節點 1 (預設目標) 上的專案 "C:\Users\su\Downloads\dlib-18.18\dlib-18.18\examples\build\CMakeFiles\3.4.1\CompilerIdCXX\CompilerIdCXX.vcxproj"。
PrepareForBuild:
  正在建立目錄 "Debug\"。
InitializeBuildStatus:
  由於指定了 "AlwaysCreate"，因此正在建立 "Debug\CompilerIdCXX.unsuccessfulbuild"。
ClCompile:
  C:\Program Files (x86)\Microsoft Visual Studio 10.0\VC\bin\CL.exe /c /nologo /W0 /WX- /Od /Oy- /D _MBCS /Gm- /EHsc /RTC1 /MDd /GS /fp:precise /Zc:wchar_t /Zc:forScope /Fo"Debug\\" /Fd"Debug\vc100.pdb" /Gd /TP /analyze- /errorReport:queue CMakeCXXCompilerId.cpp
  CMakeCXXCompilerId.cpp
Link:
  C:\Program Files (x86)\Microsoft Visual Studio 10.0\VC\bin\link.exe /ERRORREPORT:QUEUE /OUT:".\CompilerIdCXX.exe" /INCREMENTAL:NO /NOLOGO kernel32.lib user32.lib gdi32.lib winspool.lib comdlg32.lib advapi32.lib shell32.lib ole32.lib oleaut32.lib uuid.lib odbc32.lib odbccp32.lib /MANIFEST /ManifestFile:"Debug\CompilerIdCXX.exe.intermediate.manifest" /MANIFESTUAC:"level='asInvoker' uiAccess='false'" /PDB:"C:\Users\su\Downloads\dlib-18.18\dlib-18.18\examples\build\CMakeFiles\3.4.1\CompilerIdCXX\CompilerIdCXX.pdb" /SUBSYSTEM:CONSOLE /TLBID:1 /DYNAMICBASE /NXCOMPAT /IMPLIB:".\CompilerIdCXX.lib" /MACHINE:X86 Debug\CMakeCXXCompilerId.obj
  CompilerIdCXX.vcxproj -> C:\Users\su\Downloads\dlib-18.18\dlib-18.18\examples\build\CMakeFiles\3.4.1\CompilerIdCXX\.\CompilerIdCXX.exe
Manifest:
  C:\Program Files (x86)\Microsoft SDKs\Windows\v7.0A\bin\mt.exe /nologo /verbose /outputresource:".\CompilerIdCXX.exe;#1" /manifest Debug\CompilerIdCXX.exe.intermediate.manifest
PostBuildEvent:
  for %%i in (cl.exe) do @echo CMAKE_CXX_COMPILER=%%~$PATH:i
  :VCEnd
  CMAKE_CXX_COMPILER=C:\Program Files (x86)\Microsoft Visual Studio 10.0\VC\bin\cl.exe
FinalizeBuildStatus:
  正在刪除檔案 "Debug\CompilerIdCXX.unsuccessfulbuild"。
  正在變更時間戳記 "Debug\CompilerIdCXX.lastbuildstate"。
專案 "C:\Users\su\Downloads\dlib-18.18\dlib-18.18\examples\build\CMakeFiles\3.4.1\CompilerIdCXX\CompilerIdCXX.vcxproj" (預設目標) 建置完成。

建置成功。
    0 個警告
    0 個錯誤

經過時間 00:00:00.81


Compilation of the CXX compiler identification source "CMakeCXXCompilerId.cpp" produced "CompilerIdCXX.exe"

Compilation of the CXX compiler identification source "CMakeCXXCompilerId.cpp" produced "CompilerIdCXX.vcxproj"

The CXX compiler identification is MSVC, found in "C:/Users/su/Downloads/dlib-18.18/dlib-18.18/examples/build/CMakeFiles/3.4.1/CompilerIdCXX/CompilerIdCXX.exe"

Compiling the C compiler identification source file "CMakeCCompilerId.c" succeeded.
Compiler:  
Build flags: ;/DWIN32;/D_WINDOWS;/W3
Id flags: 

The output was:
0
Microsoft (R) Build Engine 版本 4.0.30319.34209
[Microsoft .NET Framework，版本 4.0.30319.34209]
Copyright (C) Microsoft Corporation. 著作權所有，並保留一切權利。

已經開始建置於 2016/1/6 上午 11:37:18。
節點 1 (預設目標) 上的專案 "C:\Users\su\Downloads\dlib-18.18\dlib-18.18\examples\build\CMakeFiles\3.4.1\CompilerIdC\CompilerIdC.vcxproj"。
PrepareForBuild:
  正在建立目錄 "Debug\"。
InitializeBuildStatus:
  由於指定了 "AlwaysCreate"，因此正在建立 "Debug\CompilerIdC.unsuccessfulbuild"。
ClCompile:
  c:\Program Files (x86)\Microsoft Visual Studio 10.0\VC\bin\CL.exe /c /nologo /W0 /WX- /Od /Oy- /D _MBCS /Gm- /EHsc /RTC1 /MDd /GS /fp:precise /Zc:wchar_t /Zc:forScope /Fo"Debug\\" /Fd"Debug\vc100.pdb" /Gd /TC /analyze- /errorReport:queue CMakeCCompilerId.c
  CMakeCCompilerId.c
Link:
  c:\Program Files (x86)\Microsoft Visual Studio 10.0\VC\bin\link.exe /ERRORREPORT:QUEUE /OUT:".\CompilerIdC.exe" /INCREMENTAL:NO /NOLOGO kernel32.lib user32.lib gdi32.lib winspool.lib comdlg32.lib advapi32.lib shell32.lib ole32.lib oleaut32.lib uuid.lib odbc32.lib odbccp32.lib /MANIFEST /ManifestFile:"Debug\CompilerIdC.exe.intermediate.manifest" /MANIFESTUAC:"level='asInvoker' uiAccess='false'" /PDB:"C:\Users\su\Downloads\dlib-18.18\dlib-18.18\examples\build\CMakeFiles\3.4.1\CompilerIdC\CompilerIdC.pdb" /SUBSYSTEM:CONSOLE /TLBID:1 /DYNAMICBASE /NXCOMPAT /IMPLIB:".\CompilerIdC.lib" /MACHINE:X86 Debug\CMakeCCompilerId.obj
  CompilerIdC.vcxproj -> C:\Users\su\Downloads\dlib-18.18\dlib-18.18\examples\build\CMakeFiles\3.4.1\CompilerIdC\.\CompilerIdC.exe
Manifest:
  C:\Program Files (x86)\Microsoft SDKs\Windows\v7.0A\bin\mt.exe /nologo /verbose /outputresource:".\CompilerIdC.exe;#1" /manifest Debug\CompilerIdC.exe.intermediate.manifest
PostBuildEvent:
  for %%i in (cl.exe) do @echo CMAKE_C_COMPILER=%%~$PATH:i
  :VCEnd
  CMAKE_C_COMPILER=c:\Program Files (x86)\Microsoft Visual Studio 10.0\VC\bin\cl.exe
FinalizeBuildStatus:
  正在刪除檔案 "Debug\CompilerIdC.unsuccessfulbuild"。
  正在變更時間戳記 "Debug\CompilerIdC.lastbuildstate"。
專案 "C:\Users\su\Downloads\dlib-18.18\dlib-18.18\examples\build\CMakeFiles\3.4.1\CompilerIdC\CompilerIdC.vcxproj" (預設目標) 建置完成。

建置成功。
    0 個警告
    0 個錯誤

經過時間 00:00:13.74


Compilation of the C compiler identification source "CMakeCCompilerId.c" produced "CompilerIdC.exe"

Compilation of the C compiler identification source "CMakeCCompilerId.c" produced "CompilerIdC.vcxproj"

The C compiler identification is MSVC, found in "C:/Users/su/Downloads/dlib-18.18/dlib-18.18/examples/build/CMakeFiles/3.4.1/CompilerIdC/CompilerIdC.exe"

Compiling the CXX compiler identification source file "CMakeCXXCompilerId.cpp" succeeded.
Compiler:  
Build flags: 
Id flags: 

The output was:
0
Microsoft (R) Build Engine 版本 4.0.30319.34209
[Microsoft .NET Framework，版本 4.0.30319.34209]
Copyright (C) Microsoft Corporation. 著作權所有，並保留一切權利。

已經開始建置於 2016/1/6 上午 11:37:33。
節點 1 (預設目標) 上的專案 "C:\Users\su\Downloads\dlib-18.18\dlib-18.18\examples\build\CMakeFiles\3.4.1\CompilerIdCXX\CompilerIdCXX.vcxproj"。
PrepareForBuild:
  正在建立目錄 "Debug\"。
InitializeBuildStatus:
  由於指定了 "AlwaysCreate"，因此正在建立 "Debug\CompilerIdCXX.unsuccessfulbuild"。
ClCompile:
  c:\Program Files (x86)\Microsoft Visual Studio 10.0\VC\bin\CL.exe /c /nologo /W0 /WX- /Od /Oy- /D _MBCS /Gm- /EHsc /RTC1 /MDd /GS /fp:precise /Zc:wchar_t /Zc:forScope /Fo"Debug\\" /Fd"Debug\vc100.pdb" /Gd /TP /analyze- /errorReport:queue CMakeCXXCompilerId.cpp
  CMakeCXXCompilerId.cpp
Link:
  c:\Program Files (x86)\Microsoft Visual Studio 10.0\VC\bin\link.exe /ERRORREPORT:QUEUE /OUT:".\CompilerIdCXX.exe" /INCREMENTAL:NO /NOLOGO kernel32.lib user32.lib gdi32.lib winspool.lib comdlg32.lib advapi32.lib shell32.lib ole32.lib oleaut32.lib uuid.lib odbc32.lib odbccp32.lib /MANIFEST /ManifestFile:"Debug\CompilerIdCXX.exe.intermediate.manifest" /MANIFESTUAC:"level='asInvoker' uiAccess='false'" /PDB:"C:\Users\su\Downloads\dlib-18.18\dlib-18.18\examples\build\CMakeFiles\3.4.1\CompilerIdCXX\CompilerIdCXX.pdb" /SUBSYSTEM:CONSOLE /TLBID:1 /DYNAMICBASE /NXCOMPAT /IMPLIB:".\CompilerIdCXX.lib" /MACHINE:X86 Debug\CMakeCXXCompilerId.obj
  CompilerIdCXX.vcxproj -> C:\Users\su\Downloads\dlib-18.18\dlib-18.18\examples\build\CMakeFiles\3.4.1\CompilerIdCXX\.\CompilerIdCXX.exe
Manifest:
  C:\Program Files (x86)\Microsoft SDKs\Windows\v7.0A\bin\mt.exe /nologo /verbose /outputresource:".\CompilerIdCXX.exe;#1" /manifest Debug\CompilerIdCXX.exe.intermediate.manifest
PostBuildEvent:
  for %%i in (cl.exe) do @echo CMAKE_CXX_COMPILER=%%~$PATH:i
  :VCEnd
  CMAKE_CXX_COMPILER=c:\Program Files (x86)\Microsoft Visual Studio 10.0\VC\bin\cl.exe
FinalizeBuildStatus:
  正在刪除檔案 "Debug\CompilerIdCXX.unsuccessfulbuild"。
  正在變更時間戳記 "Debug\CompilerIdCXX.lastbuildstate"。
專案 "C:\Users\su\Downloads\dlib-18.18\dlib-18.18\examples\build\CMakeFiles\3.4.1\CompilerIdCXX\CompilerIdCXX.vcxproj" (預設目標) 建置完成。

建置成功。
    0 個警告
    0 個錯誤

經過時間 00:00:01.66


Compilation of the CXX compiler identification source "CMakeCXXCompilerId.cpp" produced "CompilerIdCXX.exe"

Compilation of the CXX compiler identification source "CMakeCXXCompilerId.cpp" produced "CompilerIdCXX.vcxproj"

The CXX compiler identification is MSVC, found in "C:/Users/su/Downloads/dlib-18.18/dlib-18.18/examples/build/CMakeFiles/3.4.1/CompilerIdCXX/CompilerIdCXX.exe"

